### System ###
pipewire                # audio/video server
pipewire-alsa           # pipewire alsa client
pipewire-audio          # pipewire audio client
pipewire-jack           # pipewire jack client
pipewire-pulse          # pipewire pulseaudio client
gst-plugin-pipewire     # pipewire gstreamer client
wireplumber             # pipewire session manager
pavucontrol             # pulseaudio volume control
pamixer                 # pulseaudio cli mixer
qt5-wayland
qt6-wayland
network-manager-applet # network manager system tray utility
bluez                  # bluetooth protocol stack
bluez-utils            # bluetooth utility cli
blueman                # bluetooth manager gui
brightnessctl          # screen brightness control
udiskie                # manage removable media

### apps ###
dolphin
firefox
kitty
code
tilix

### Shell ###
zsh
oh-my-zsh-git|zsh
zsh-theme-powerlevel10k-git|zsh oh-my-zsh-git